<?xml version="1.0" encoding="UTF-8"?>
<!-- Generated by org.testng.reporters.JUnitReportReporter -->
<testsuite hostname="DESKTOP-OPS2IBL" failures="0" tests="1" name="com.Assignment.UITableAssertionTest" time="0.308" errors="0" timestamp="20 Oct 2023 10:35:48 GMT" skipped="0">
  <testcase classname="com.Assignment.UITableAssertionTest" name="assertUITableData" time="0.308"/>
</testsuite> <!-- com.Assignment.UITableAssertionTest -->
